INFO:__main__:Getting a Connection
INFO:sqlalchemy.engine.Engine:BEGIN (implicit)
INFO:sqlalchemy.engine.Engine:select 'hello world'
INFO:sqlalchemy.engine.Engine:[generated in 0.00014s] ()
INFO:sqlalchemy.engine.Engine:ROLLBACK
INFO:__main__:Committing Changes: commit as you go
INFO:sqlalchemy.engine.Engine:BEGIN (implicit)
INFO:sqlalchemy.engine.Engine:CREATE TABLE some_table (x int, y int)
INFO:sqlalchemy.engine.Engine:[generated in 0.00007s] ()
INFO:sqlalchemy.engine.Engine:INSERT INTO some_table (x, y) VALUES (?, ?)
INFO:sqlalchemy.engine.Engine:[generated in 0.00007s] [(1, 1), (2, 4)]
INFO:sqlalchemy.engine.Engine:COMMIT
INFO:__main__:Committing Changes: begin once
INFO:sqlalchemy.engine.Engine:BEGIN (implicit)
INFO:sqlalchemy.engine.Engine:INSERT INTO some_table (x, y) VALUES (?, ?)
INFO:sqlalchemy.engine.Engine:[cached since 0.0003256s ago] [(6, 8), (9, 10)]
INFO:sqlalchemy.engine.Engine:COMMIT
INFO:__main__:Fetching Rows
INFO:sqlalchemy.engine.Engine:BEGIN (implicit)
INFO:sqlalchemy.engine.Engine:SELECT x, y FROM some_table
INFO:sqlalchemy.engine.Engine:[generated in 0.00007s] ()
INFO:sqlalchemy.engine.Engine:ROLLBACK
INFO:__main__:Sending Parameters
INFO:sqlalchemy.engine.Engine:BEGIN (implicit)
INFO:sqlalchemy.engine.Engine:SELECT x, y FROM some_table WHERE y > ?
INFO:sqlalchemy.engine.Engine:[generated in 0.00007s] (2,)
INFO:sqlalchemy.engine.Engine:ROLLBACK
INFO:__main__:Sending Multiple Parameters
INFO:sqlalchemy.engine.Engine:BEGIN (implicit)
INFO:sqlalchemy.engine.Engine:INSERT INTO some_table (x, y) VALUES (?, ?)
INFO:sqlalchemy.engine.Engine:[cached since 0.001055s ago] [(11, 12), (13, 14)]
INFO:sqlalchemy.engine.Engine:COMMIT
INFO:__main__:Getting a Connection
INFO:sqlalchemy.engine.Engine:BEGIN (implicit)
INFO:sqlalchemy.engine.Engine:select 'hello world'
INFO:sqlalchemy.engine.Engine:[generated in 0.00016s] ()
INFO:sqlalchemy.engine.Engine:ROLLBACK
INFO:__main__:Committing Changes: commit as you go
INFO:sqlalchemy.engine.Engine:BEGIN (implicit)
INFO:sqlalchemy.engine.Engine:CREATE TABLE some_table (x int, y int)
INFO:sqlalchemy.engine.Engine:[generated in 0.00008s] ()
INFO:sqlalchemy.engine.Engine:INSERT INTO some_table (x, y) VALUES (?, ?)
INFO:sqlalchemy.engine.Engine:[generated in 0.00008s] [(1, 1), (2, 4)]
INFO:sqlalchemy.engine.Engine:COMMIT
INFO:__main__:Committing Changes: begin once
INFO:sqlalchemy.engine.Engine:BEGIN (implicit)
INFO:sqlalchemy.engine.Engine:INSERT INTO some_table (x, y) VALUES (?, ?)
INFO:sqlalchemy.engine.Engine:[cached since 0.0003594s ago] [(6, 8), (9, 10)]
INFO:sqlalchemy.engine.Engine:COMMIT
INFO:__main__:Fetching Rows
INFO:sqlalchemy.engine.Engine:BEGIN (implicit)
INFO:sqlalchemy.engine.Engine:SELECT x, y FROM some_table
INFO:sqlalchemy.engine.Engine:[generated in 0.00007s] ()
INFO:sqlalchemy.engine.Engine:ROLLBACK
INFO:__main__:Sending Parameters
INFO:sqlalchemy.engine.Engine:BEGIN (implicit)
INFO:sqlalchemy.engine.Engine:SELECT x, y FROM some_table WHERE y > ?
INFO:sqlalchemy.engine.Engine:[generated in 0.00008s] (2,)
INFO:sqlalchemy.engine.Engine:ROLLBACK
INFO:__main__:Sending Multiple Parameters
INFO:sqlalchemy.engine.Engine:BEGIN (implicit)
INFO:sqlalchemy.engine.Engine:INSERT INTO some_table (x, y) VALUES (?, ?)
INFO:sqlalchemy.engine.Engine:[cached since 0.001151s ago] [(11, 12), (13, 14)]
INFO:sqlalchemy.engine.Engine:COMMIT
INFO:__main__:Getting a Connection
INFO:sqlalchemy.engine.Engine:BEGIN (implicit)
INFO:sqlalchemy.engine.Engine:select 'hello world'
INFO:sqlalchemy.engine.Engine:[generated in 0.00013s] ()
INFO:sqlalchemy.engine.Engine:ROLLBACK
INFO:__main__:Committing Changes: commit as you go
INFO:sqlalchemy.engine.Engine:BEGIN (implicit)
INFO:sqlalchemy.engine.Engine:CREATE TABLE some_table (x int, y int)
INFO:sqlalchemy.engine.Engine:[generated in 0.00008s] ()
INFO:sqlalchemy.engine.Engine:INSERT INTO some_table (x, y) VALUES (?, ?)
INFO:sqlalchemy.engine.Engine:[generated in 0.00009s] [(1, 1), (2, 4)]
INFO:sqlalchemy.engine.Engine:COMMIT
INFO:__main__:Committing Changes: begin once
INFO:sqlalchemy.engine.Engine:BEGIN (implicit)
INFO:sqlalchemy.engine.Engine:INSERT INTO some_table (x, y) VALUES (?, ?)
INFO:sqlalchemy.engine.Engine:[cached since 0.0004619s ago] [(6, 8), (9, 10)]
INFO:sqlalchemy.engine.Engine:COMMIT
INFO:__main__:Fetching Rows
INFO:sqlalchemy.engine.Engine:BEGIN (implicit)
INFO:sqlalchemy.engine.Engine:SELECT x, y FROM some_table
INFO:sqlalchemy.engine.Engine:[generated in 0.00008s] ()
INFO:sqlalchemy.engine.Engine:ROLLBACK
INFO:__main__:Sending Parameters
INFO:sqlalchemy.engine.Engine:BEGIN (implicit)
INFO:sqlalchemy.engine.Engine:SELECT x, y FROM some_table WHERE y > ?
INFO:sqlalchemy.engine.Engine:[generated in 0.00009s] (2,)
INFO:sqlalchemy.engine.Engine:ROLLBACK
INFO:__main__:Sending Multiple Parameters
INFO:sqlalchemy.engine.Engine:BEGIN (implicit)
INFO:sqlalchemy.engine.Engine:INSERT INTO some_table (x, y) VALUES (?, ?)
INFO:sqlalchemy.engine.Engine:[cached since 0.001446s ago] [(11, 12), (13, 14)]
INFO:sqlalchemy.engine.Engine:COMMIT
